Warning: Guideline:Configuration Management Policy: missing resource file './../../../SDLC/tasks/Establish Baseline Project&rsquo;s Work Environment_69A2B185.html'
Warning: Guideline:Configuration Management Policy: missing resource file './../../../SDLC/tasks/Establish Initial Project&rsquo;s Work Environment_E8DEE982.html'
Warning: Guideline:Software Development Policy: missing resource file './../../../SDLC/guidances/guidelines/./resources/Software Development Standards.docx'
Warning: Guideline:Tailoring Policy: missing resource file './../../../SDLC/tasks/Tailor and Establish Project&rsquo;s Process_7A618FD8.html'
Warning: Guideline:Work Breakdown Structure Policy: missing resource file './../../../SDLC/tasks/Tailor and Establish Project&rsquo;s Process_7A618FD8.html'
Warning: CustomCategory:Lifecycle: Unable to find element for guid _2kyQwGtUEd-x0d845XwkJg
Warning: Activity:Conceive New Software Project: missing resource file './../../SDLC/deliveryprocesses/Establish Initial Project&rsquo;s Work Environment_A58C0AAF.html'
Warning: Activity:Conceive New Software Project: missing resource file './../../SDLC/deliveryprocesses/Establish Initial Project&rsquo;s Work Environment_A58C0AAF.html'
Warning: Activity:Manage Changes: missing resource file './../../SDLC/deliveryprocesses/Tailor and Establish Project&rsquo;s Process_DA7EDE89.html'
Warning: Activity:Manage Changes: missing resource file './../../SDLC/deliveryprocesses/Tailor and Establish Project&rsquo;s Process_DA7EDE89.html'
Warning: Activity:Manage Changes: missing resource file './../../SDLC/deliveryprocesses/Tailor and Establish Project&rsquo;s Process_AC07916C.html'
Warning: Activity:Manage Changes: missing resource file './../../SDLC/deliveryprocesses/Tailor and Establish Project&rsquo;s Process_AC07916C.html'
Warning: Activity:Manage Changes: missing resource file './../../SDLC/deliveryprocesses/Tailor and Establish Project&rsquo;s Process_DD6DD5D0.html'
Warning: Activity:Manage Changes: missing resource file './../../SDLC/deliveryprocesses/Tailor and Establish Project&rsquo;s Process_DD6DD5D0.html'
Warning: Artifact:Client Workspaces: missing resource file './../../SDLC/tasks/Establish Baseline Project&rsquo;s Work Environment_69A2B185.html'
Warning: Artifact:Client Workspaces: missing resource file './../../SDLC/tasks/Establish Initial Project&rsquo;s Work Environment_E8DEE982.html'
Warning: Artifact:Configuration Management Plan: missing resource file './../../SDLC/tasks/Establish Baseline Project&rsquo;s Work Environment_69A2B185.html'
Warning: Artifact:Project Workspaces: missing resource file './../../SDLC/tasks/Establish Baseline Project&rsquo;s Work Environment_69A2B185.html'
Warning: Artifact:Project Workspaces: missing resource file './../../SDLC/tasks/Establish Initial Project&rsquo;s Work Environment_E8DEE982.html'
Warning: Artifact:Source Control: missing resource file './../../SDLC/tasks/Establish Baseline Project&rsquo;s Work Environment_69A2B185.html'
Warning: Artifact:Source Control: missing resource file './../../SDLC/tasks/Establish Initial Project&rsquo;s Work Environment_E8DEE982.html'
Warning: Artifact:Subsystem: Unable to find element for guid _Od_WsFI1EeCS_t63B3gRCA
Warning: Artifact:Tailoring Request: missing resource file './../../SDLC/tasks/Tailor and Establish Project&rsquo;s Process_7A618FD8.html'
Warning: Artifact:Process Asset Library (PAL): missing resource file './../../SDLC/tasks/Tailor and Establish Project&rsquo;s Process_7A618FD8.html'
Warning: Artifact:Change Requests: missing resource file './../../SDLC/tasks/Tailor and Establish Project&rsquo;s Process_7A618FD8.html'
Warning: Artifact:Project Charter: missing resource file './../../SDLC/tasks/Establish Initial Project&rsquo;s Work Environment_E8DEE982.html'
Warning: Artifact:Project Statement Of Work: missing resource file './../../SDLC/tasks/Establish Initial Project&rsquo;s Work Environment_E8DEE982.html'
Warning: TaskDescriptor:Establish Initial Project’s Work Environment: missing resource file './../../SDLC/tasks/Establish Initial Project&rsquo;s Work Environment_E8DEE982.html'
Warning: TaskDescriptor:Schedule and Assign Tasks: missing resource file './../../SDLC/deliveryprocesses/Establish Initial Project&rsquo;s Work Environment_A58C0AAF.html'
Warning: TaskDescriptor:Tailor and Establish Project’s Process: missing resource file './../../SDLC/tasks/Tailor and Establish Project&rsquo;s Process_7A618FD8.html'
Warning: TaskDescriptor:Tailor and Establish Project’s Process: missing resource file './../../SDLC/tasks/Tailor and Establish Project&rsquo;s Process_7A618FD8.html'
Warning: TaskDescriptor:Tailor and Establish Project’s Process: missing resource file './../../SDLC/tasks/Tailor and Establish Project&rsquo;s Process_7A618FD8.html'
Warning: WorkProductDescriptor:Subsystem: Unable to find element for guid _Od_WsFI1EeCS_t63B3gRCA
